mode: set
assignment_4/handlers/game_handler.go:22.55,29.52 2 1
assignment_4/handlers/game_handler.go:35.2,37.16 3 1
assignment_4/handlers/game_handler.go:42.2,45.16 3 1
assignment_4/handlers/game_handler.go:50.2,50.29 1 1
assignment_4/handlers/game_handler.go:29.52,33.3 3 1
assignment_4/handlers/game_handler.go:37.16,40.3 2 1
assignment_4/handlers/game_handler.go:45.16,48.3 2 1
assignment_4/handlers/game_handler.go:54.54,67.16 6 1
assignment_4/handlers/game_handler.go:72.2,72.34 1 1
assignment_4/handlers/game_handler.go:67.16,70.3 2 1
assignment_4/handlers/game_handler.go:75.66,77.2 1 1
assignment_4/handlers/transaction_handler.go:24.78,35.50 4 1
assignment_4/handlers/transaction_handler.go:50.2,51.16 2 1
assignment_4/handlers/transaction_handler.go:56.2,61.29 2 1
assignment_4/handlers/transaction_handler.go:35.50,37.17 2 1
assignment_4/handlers/transaction_handler.go:41.3,42.17 2 1
assignment_4/handlers/transaction_handler.go:46.3,47.47 2 0
assignment_4/handlers/transaction_handler.go:37.17,40.4 2 1
assignment_4/handlers/transaction_handler.go:42.17,45.4 2 1
assignment_4/handlers/transaction_handler.go:51.16,54.3 2 1
assignment_4/handlers/transaction_handler.go:65.69,71.47 2 1
assignment_4/handlers/transaction_handler.go:77.2,83.16 6 1
assignment_4/handlers/transaction_handler.go:88.2,93.34 2 1
assignment_4/handlers/transaction_handler.go:71.47,75.3 3 1
assignment_4/handlers/transaction_handler.go:83.16,86.3 2 1
assignment_4/handlers/transaction_handler.go:97.72,103.47 2 1
assignment_4/handlers/transaction_handler.go:109.2,114.16 5 1
assignment_4/handlers/transaction_handler.go:119.2,124.34 2 1
assignment_4/handlers/transaction_handler.go:103.47,107.3 3 1
assignment_4/handlers/transaction_handler.go:114.16,117.3 2 1
assignment_4/handlers/transaction_handler.go:127.87,129.2 1 1
assignment_4/handlers/user_handler.go:23.60,30.54 2 1
assignment_4/handlers/user_handler.go:37.2,38.16 2 1
assignment_4/handlers/user_handler.go:43.2,48.29 2 1
assignment_4/handlers/user_handler.go:30.54,35.3 3 1
assignment_4/handlers/user_handler.go:38.16,41.3 2 1
assignment_4/handlers/user_handler.go:52.59,59.51 2 1
assignment_4/handlers/user_handler.go:65.2,68.16 3 1
assignment_4/handlers/user_handler.go:73.2,77.29 2 1
assignment_4/handlers/user_handler.go:59.51,63.3 3 1
assignment_4/handlers/user_handler.go:68.16,71.3 2 1
assignment_4/handlers/user_handler.go:81.57,88.16 4 1
assignment_4/handlers/user_handler.go:93.2,94.16 2 1
assignment_4/handlers/user_handler.go:99.2,104.29 2 1
assignment_4/handlers/user_handler.go:88.16,91.3 2 1
assignment_4/handlers/user_handler.go:94.16,97.3 2 1
assignment_4/handlers/user_handler.go:108.55,114.45 2 1
assignment_4/handlers/user_handler.go:119.2,120.16 2 1
assignment_4/handlers/user_handler.go:124.2,128.29 2 1
assignment_4/handlers/user_handler.go:114.45,118.3 3 1
assignment_4/handlers/user_handler.go:120.16,123.3 2 1
assignment_4/handlers/user_handler.go:132.58,140.48 3 1
assignment_4/handlers/user_handler.go:147.2,155.16 4 1
assignment_4/handlers/user_handler.go:160.2,170.34 3 1
assignment_4/handlers/user_handler.go:140.48,145.3 3 1
assignment_4/handlers/user_handler.go:155.16,158.3 2 1
assignment_4/handlers/user_handler.go:173.66,175.2 1 1
assignment_4/usecases/game_usecase.go:22.117,24.16 2 1
assignment_4/usecases/game_usecase.go:28.2,28.17 1 1
assignment_4/usecases/game_usecase.go:32.2,32.24 1 1
assignment_4/usecases/game_usecase.go:36.2,37.16 2 1
assignment_4/usecases/game_usecase.go:41.2,43.16 3 1
assignment_4/usecases/game_usecase.go:46.2,46.18 1 1
assignment_4/usecases/game_usecase.go:24.16,26.3 1 1
assignment_4/usecases/game_usecase.go:28.17,30.3 1 1
assignment_4/usecases/game_usecase.go:32.24,34.3 1 1
assignment_4/usecases/game_usecase.go:37.16,39.3 1 0
assignment_4/usecases/game_usecase.go:43.16,45.3 1 0
assignment_4/usecases/game_usecase.go:50.100,52.16 2 1
assignment_4/usecases/game_usecase.go:56.2,56.22 1 1
assignment_4/usecases/game_usecase.go:60.2,61.16 2 1
assignment_4/usecases/game_usecase.go:64.2,75.16 11 1
assignment_4/usecases/game_usecase.go:79.2,79.18 1 1
assignment_4/usecases/game_usecase.go:52.16,54.3 1 1
assignment_4/usecases/game_usecase.go:56.22,58.3 1 1
assignment_4/usecases/game_usecase.go:61.16,63.3 1 1
assignment_4/usecases/game_usecase.go:75.16,77.3 1 1
assignment_4/usecases/game_usecase.go:88.16,96.2 1 1
assignment_4/usecases/transaction_usecase.go:24.173,26.16 2 1
assignment_4/usecases/transaction_usecase.go:30.2,31.16 2 1
assignment_4/usecases/transaction_usecase.go:34.2,35.16 2 1
assignment_4/usecases/transaction_usecase.go:39.2,40.43 2 1
assignment_4/usecases/transaction_usecase.go:62.2,67.29 2 1
assignment_4/usecases/transaction_usecase.go:26.16,28.3 1 1
assignment_4/usecases/transaction_usecase.go:31.16,33.3 1 1
assignment_4/usecases/transaction_usecase.go:35.16,37.3 1 1
assignment_4/usecases/transaction_usecase.go:40.43,48.53 2 1
assignment_4/usecases/transaction_usecase.go:56.3,59.69 3 1
assignment_4/usecases/transaction_usecase.go:48.53,50.4 1 1
assignment_4/usecases/transaction_usecase.go:50.9,54.4 3 1
assignment_4/usecases/transaction_usecase.go:71.134,73.16 2 1
assignment_4/usecases/transaction_usecase.go:77.2,77.40 1 1
assignment_4/usecases/transaction_usecase.go:81.2,82.16 2 1
assignment_4/usecases/transaction_usecase.go:86.2,86.23 1 1
assignment_4/usecases/transaction_usecase.go:90.2,91.91 1 1
assignment_4/usecases/transaction_usecase.go:98.2,107.16 3 1
assignment_4/usecases/transaction_usecase.go:111.2,111.74 1 1
assignment_4/usecases/transaction_usecase.go:124.2,124.25 1 1
assignment_4/usecases/transaction_usecase.go:73.16,75.3 1 1
assignment_4/usecases/transaction_usecase.go:77.40,79.3 1 1
assignment_4/usecases/transaction_usecase.go:82.16,84.3 1 1
assignment_4/usecases/transaction_usecase.go:86.23,88.3 1 1
assignment_4/usecases/transaction_usecase.go:91.91,96.3 1 1
assignment_4/usecases/transaction_usecase.go:107.16,109.3 1 1
assignment_4/usecases/transaction_usecase.go:111.74,113.17 2 1
assignment_4/usecases/transaction_usecase.go:117.3,119.17 3 1
assignment_4/usecases/transaction_usecase.go:113.17,115.4 1 0
assignment_4/usecases/transaction_usecase.go:119.17,121.4 1 0
assignment_4/usecases/transaction_usecase.go:128.143,131.16 2 1
assignment_4/usecases/transaction_usecase.go:135.2,135.53 1 1
assignment_4/usecases/transaction_usecase.go:139.2,140.16 2 1
assignment_4/usecases/transaction_usecase.go:144.2,144.27 1 1
assignment_4/usecases/transaction_usecase.go:148.2,148.42 1 1
assignment_4/usecases/transaction_usecase.go:154.2,155.100 1 1
assignment_4/usecases/transaction_usecase.go:162.2,171.16 3 1
assignment_4/usecases/transaction_usecase.go:174.2,174.25 1 1
assignment_4/usecases/transaction_usecase.go:131.16,133.3 1 1
assignment_4/usecases/transaction_usecase.go:135.53,137.3 1 1
assignment_4/usecases/transaction_usecase.go:140.16,142.3 1 1
assignment_4/usecases/transaction_usecase.go:144.27,146.3 1 1
assignment_4/usecases/transaction_usecase.go:148.42,152.3 1 1
assignment_4/usecases/transaction_usecase.go:155.100,160.3 1 1
assignment_4/usecases/transaction_usecase.go:171.16,173.3 1 1
assignment_4/usecases/transaction_usecase.go:182.23,189.2 1 1
assignment_4/usecases/user_usecase.go:26.119,28.16 2 1
assignment_4/usecases/user_usecase.go:32.2,32.18 1 1
assignment_4/usecases/user_usecase.go:36.2,36.20 1 1
assignment_4/usecases/user_usecase.go:40.2,40.41 1 1
assignment_4/usecases/user_usecase.go:44.2,45.16 2 1
assignment_4/usecases/user_usecase.go:49.2,50.16 2 1
assignment_4/usecases/user_usecase.go:54.2,54.18 1 1
assignment_4/usecases/user_usecase.go:28.16,30.3 1 1
assignment_4/usecases/user_usecase.go:32.18,34.3 1 1
assignment_4/usecases/user_usecase.go:36.20,38.3 1 1
assignment_4/usecases/user_usecase.go:40.41,42.3 1 1
assignment_4/usecases/user_usecase.go:45.16,47.3 1 0
assignment_4/usecases/user_usecase.go:50.16,52.3 1 1
assignment_4/usecases/user_usecase.go:58.137,60.31 2 1
assignment_4/usecases/user_usecase.go:64.2,73.16 4 1
assignment_4/usecases/user_usecase.go:77.2,77.28 1 1
assignment_4/usecases/user_usecase.go:60.31,62.3 1 1
assignment_4/usecases/user_usecase.go:73.16,75.3 1 1
assignment_4/usecases/user_usecase.go:81.98,83.16 2 1
assignment_4/usecases/user_usecase.go:87.2,87.24 1 1
assignment_4/usecases/user_usecase.go:91.2,99.24 2 1
assignment_4/usecases/user_usecase.go:83.16,85.3 1 1
assignment_4/usecases/user_usecase.go:87.24,89.3 1 1
assignment_4/usecases/user_usecase.go:103.121,105.16 2 1
assignment_4/usecases/user_usecase.go:108.2,109.18 2 1
assignment_4/usecases/user_usecase.go:112.2,124.16 5 1
assignment_4/usecases/user_usecase.go:127.2,133.23 2 1
assignment_4/usecases/user_usecase.go:105.16,107.3 1 1
assignment_4/usecases/user_usecase.go:109.18,111.3 1 1
assignment_4/usecases/user_usecase.go:124.16,126.3 1 0
assignment_4/usecases/user_usecase.go:137.104,140.2 2 1
assignment_4/usecases/user_usecase.go:144.67,150.2 1 1
